<?xml version="1.0" encoding="UTF-8"?>
<testng-results ignored="0" total="1" passed="0" failed="1" skipped="0">
  <reporter-output>
  </reporter-output>
  <suite started-at="2019-07-16T13:43:48Z" name="Surefire suite" finished-at="2019-07-16T13:44:21Z" duration-ms="32868">
    <groups>
      <group name="cucumber">
        <method signature="TestRunner.scenario(cucumber.api.testng.PickleEventWrapper, cucumber.api.testng.CucumberFeatureWrapper)[pri:0, instance:listener.TestRunner@635eaaf1]" name="scenario" class="listener.TestRunner"/>
      </group> <!-- cucumber -->
    </groups>
    <test started-at="2019-07-16T13:43:48Z" name="Surefire test" finished-at="2019-07-16T13:44:21Z" duration-ms="32868">
      <class name="listener.TestRunner">
        <test-method is-config="true" signature="setUp()[pri:0, instance:listener.TestRunner@635eaaf1]" started-at="2019-07-16T13:43:43Z" name="setUp" finished-at="2019-07-16T13:43:48Z" duration-ms="5171" status="PASS">
          <reporter-output>
          </reporter-output>
        </test-method> <!-- setUp -->
        <test-method is-config="true" signature="setUpClass()[pri:0, instance:listener.TestRunner@635eaaf1]" started-at="2019-07-16T13:43:48Z" name="setUpClass" finished-at="2019-07-16T13:43:48Z" duration-ms="351" status="PASS">
          <reporter-output>
          </reporter-output>
        </test-method> <!-- setUpClass -->
        <test-method signature="scenario(cucumber.api.testng.PickleEventWrapper, cucumber.api.testng.CucumberFeatureWrapper)[pri:0, instance:listener.TestRunner@635eaaf1]" started-at="2019-07-16T13:43:48Z" name="scenario" description="Runs Cucumber Scenarios" data-provider="scenarios" finished-at="2019-07-16T13:44:20Z" duration-ms="32234" status="FAIL">
          <params>
            <param index="0">
              <value>
                <![CDATA["Validate user flow of  onboarding screen"]]>
              </value>
            </param>
            <param index="1">
              <value>
                <![CDATA["Onboarding Functionality"]]>
              </value>
            </param>
          </params>
          <exception class="org.openqa.selenium.ElementClickInterceptedException">
            <message>
              <![CDATA[element click intercepted: Element <span class="b-topbar-sidemenu-link-button">...</span> is not clickable at point (28, 23). Other element would receive the click: <div class="l-layout-app-cookie-consent-dialog">...</div>
  (Session info: chrome=75.0.3770.100)
Build info: version: '3.141.59', revision: 'e82be7d358', time: '2018-11-14T08:17:03'
System info: host: 'Purushothams-MacBook-Air.local', ip: 'fe80:0:0:0:1094:4bc:680e:27db%en0', os.name: 'Mac OS X', os.arch: 'x86_64', os.version: '10.14.4', java.version: '11.0.3'
Driver info: org.openqa.selenium.chrome.ChromeDriver
Capabilities {acceptInsecureCerts: false, browserName: chrome, browserVersion: 75.0.3770.100, chrome: {chromedriverVersion: 75.0.3770.140 (2d9f97485c7b..., userDataDir: /var/folders/8b/mq4085qx24l...}, goog:chromeOptions: {debuggerAddress: localhost:56763}, javascriptEnabled: true, networkConnectionEnabled: false, pageLoadStrategy: normal, platform: MAC, platformName: MAC, proxy: Proxy(), setWindowRect: true, strictFileInteractability: false, timeouts: {implicit: 0, pageLoad: 300000, script: 30000}, unhandledPromptBehavior: dismiss and notify}
Session ID: 036307bcb41a5f01c6b75ef927fd2d4e]]>
            </message>
            <full-stacktrace>
              <![CDATA[org.openqa.selenium.ElementClickInterceptedException: element click intercepted: Element <span class="b-topbar-sidemenu-link-button">...</span> is not clickable at point (28, 23). Other element would receive the click: <div class="l-layout-app-cookie-consent-dialog">...</div>
  (Session info: chrome=75.0.3770.100)
Build info: version: '3.141.59', revision: 'e82be7d358', time: '2018-11-14T08:17:03'
System info: host: 'Purushothams-MacBook-Air.local', ip: 'fe80:0:0:0:1094:4bc:680e:27db%en0', os.name: 'Mac OS X', os.arch: 'x86_64', os.version: '10.14.4', java.version: '11.0.3'
Driver info: org.openqa.selenium.chrome.ChromeDriver
Capabilities {acceptInsecureCerts: false, browserName: chrome, browserVersion: 75.0.3770.100, chrome: {chromedriverVersion: 75.0.3770.140 (2d9f97485c7b..., userDataDir: /var/folders/8b/mq4085qx24l...}, goog:chromeOptions: {debuggerAddress: localhost:56763}, javascriptEnabled: true, networkConnectionEnabled: false, pageLoadStrategy: normal, platform: MAC, platformName: MAC, proxy: Proxy(), setWindowRect: true, strictFileInteractability: false, timeouts: {implicit: 0, pageLoad: 300000, script: 30000}, unhandledPromptBehavior: dismiss and notify}
Session ID: 036307bcb41a5f01c6b75ef927fd2d4e
at java.base/jdk.internal.reflect.NativeConstructorAccessorImpl.newInstance0(Native Method)
at java.base/jdk.internal.reflect.NativeConstructorAccessorImpl.newInstance(NativeConstructorAccessorImpl.java:62)
at java.base/jdk.internal.reflect.DelegatingConstructorAccessorImpl.newInstance(DelegatingConstructorAccessorImpl.java:45)
at java.base/java.lang.reflect.Constructor.newInstance(Constructor.java:490)
at org.openqa.selenium.remote.http.W3CHttpResponseCodec.createException(W3CHttpResponseCodec.java:187)
at org.openqa.selenium.remote.http.W3CHttpResponseCodec.decode(W3CHttpResponseCodec.java:122)
at org.openqa.selenium.remote.http.W3CHttpResponseCodec.decode(W3CHttpResponseCodec.java:49)
at org.openqa.selenium.remote.HttpCommandExecutor.execute(HttpCommandExecutor.java:158)
at org.openqa.selenium.remote.service.DriverCommandExecutor.execute(DriverCommandExecutor.java:83)
at org.openqa.selenium.remote.RemoteWebDriver.execute(RemoteWebDriver.java:552)
at org.openqa.selenium.remote.RemoteWebElement.execute(RemoteWebElement.java:285)
at org.openqa.selenium.remote.RemoteWebElement.click(RemoteWebElement.java:84)
at java.base/jdk.internal.reflect.NativeMethodAccessorImpl.invoke0(Native Method)
at java.base/jdk.internal.reflect.NativeMethodAccessorImpl.invoke(NativeMethodAccessorImpl.java:62)
at java.base/jdk.internal.reflect.DelegatingMethodAccessorImpl.invoke(DelegatingMethodAccessorImpl.java:43)
at java.base/java.lang.reflect.Method.invoke(Method.java:566)
at org.openqa.selenium.support.pagefactory.internal.LocatingElementHandler.invoke(LocatingElementHandler.java:51)
at com.sun.proxy.$Proxy20.click(Unknown Source)
at base.ScreenBase.clickAble(ScreenBase.java:60)
at pages.Onboarding_Page.launchHamburgerMenu(Onboarding_Page.java:75)
at steps.Onboarding_steps.i_select_the_hamburger_menu(Onboarding_steps.java:35)
at ✽.I select the hamburger menu(file:src/test/resources/feature/OnBoarding.feature:11)
]]>
            </full-stacktrace>
          </exception> <!-- org.openqa.selenium.ElementClickInterceptedException -->
          <reporter-output>
          </reporter-output>
        </test-method> <!-- scenario -->
        <test-method is-config="true" signature="tearDownClass()[pri:0, instance:listener.TestRunner@635eaaf1]" started-at="2019-07-16T13:44:20Z" name="tearDownClass" finished-at="2019-07-16T13:44:21Z" duration-ms="141" status="PASS">
          <reporter-output>
          </reporter-output>
        </test-method> <!-- tearDownClass -->
        <test-method is-config="true" signature="generateReport()[pri:0, instance:listener.TestRunner@635eaaf1]" started-at="2019-07-16T13:44:21Z" name="generateReport" finished-at="2019-07-16T13:44:23Z" duration-ms="2246" status="PASS">
          <reporter-output>
          </reporter-output>
        </test-method> <!-- generateReport -->
        <test-method is-config="true" signature="tearDown()[pri:0, instance:listener.TestRunner@635eaaf1]" started-at="2019-07-16T13:44:23Z" name="tearDown" finished-at="2019-07-16T13:44:23Z" duration-ms="207" status="PASS">
          <reporter-output>
          </reporter-output>
        </test-method> <!-- tearDown -->
      </class> <!-- listener.TestRunner -->
    </test> <!-- Surefire test -->
  </suite> <!-- Surefire suite -->
</testng-results>
