<?xml version="1.0" encoding="UTF-8"?>
<testsuite xmlns:xsi="http://www.w3.org/2001/XMLSchema-instance" xsi:noNamespaceSchemaLocation="https://maven.apache.org/surefire/maven-surefire-plugin/xsd/surefire-test-report.xsd" name="listener.TestRunner" time="41.263" tests="1" errors="0" skipped="0" failures="1">
  <properties>
[...]
</properties>
  <testcase name="scenario" classname="listener.TestRunner" time="32.249">
    <failure message="element click intercepted: Element &lt;span class=&quot;b-topbar-sidemenu-link-button&quot;&gt;...&lt;/span&gt; is not clickable at point (28, 23). Other element would receive the click: &lt;div class=&quot;l-layout-app-cookie-consent-dialog&quot;&gt;...&lt;/div&gt;&#10;  (Session info: chrome=75.0.3770.100)&#10;Build info: version: &apos;3.141.59&apos;, revision: &apos;e82be7d358&apos;, time: &apos;2018-11-14T08:17:03&apos;&#10;System info: host: &apos;Purushothams-MacBook-Air.local&apos;, ip: &apos;fe80:0:0:0:1094:4bc:680e:27db%en0&apos;, os.name: &apos;Mac OS X&apos;, os.arch: &apos;x86_64&apos;, os.version: &apos;10.14.4&apos;, java.version: &apos;11.0.3&apos;&#10;Driver info: org.openqa.selenium.chrome.ChromeDriver&#10;Capabilities {acceptInsecureCerts: false, browserName: chrome, browserVersion: 75.0.3770.100, chrome: {chromedriverVersion: 75.0.3770.140 (2d9f97485c7b..., userDataDir: /var/folders/8b/mq4085qx24l...}, goog:chromeOptions: {debuggerAddress: localhost:56763}, javascriptEnabled: true, networkConnectionEnabled: false, pageLoadStrategy: normal, platform: MAC, platformName: MAC, proxy: Proxy(), setWindowRect: true, strictFileInteractability: false, timeouts: {implicit: 0, pageLoad: 300000, script: 30000}, unhandledPromptBehavior: dismiss and notify}&#10;Session ID: 036307bcb41a5f01c6b75ef927fd2d4e" type="org.openqa.selenium.ElementClickInterceptedException"><![CDATA[org.openqa.selenium.ElementClickInterceptedException: 
element click intercepted: Element <span class="b-topbar-sidemenu-link-button">...</span> is not clickable at point (28, 23). Other element would receive the click: <div class="l-layout-app-cookie-consent-dialog">...</div>
  (Session info: chrome=75.0.3770.100)
Build info: version: '3.141.59', revision: 'e82be7d358', time: '2018-11-14T08:17:03'
System info: host: 'Purushothams-MacBook-Air.local', ip: 'fe80:0:0:0:1094:4bc:680e:27db%en0', os.name: 'Mac OS X', os.arch: 'x86_64', os.version: '10.14.4', java.version: '11.0.3'
Driver info: org.openqa.selenium.chrome.ChromeDriver
Capabilities {acceptInsecureCerts: false, browserName: chrome, browserVersion: 75.0.3770.100, chrome: {chromedriverVersion: 75.0.3770.140 (2d9f97485c7b..., userDataDir: /var/folders/8b/mq4085qx24l...}, goog:chromeOptions: {debuggerAddress: localhost:56763}, javascriptEnabled: true, networkConnectionEnabled: false, pageLoadStrategy: normal, platform: MAC, platformName: MAC, proxy: Proxy(), setWindowRect: true, strictFileInteractability: false, timeouts: {implicit: 0, pageLoad: 300000, script: 30000}, unhandledPromptBehavior: dismiss and notify}
Session ID: 036307bcb41a5f01c6b75ef927fd2d4e
]]></failure>
    <system-out><![CDATA[The user configuration is loaded 
The scenaro is *==================Validate user flow of  onboarding screen=======================*
******* End of Executing afterScenario
]]></system-out>
    <system-err><![CDATA[Starting ChromeDriver 75.0.3770.140 (2d9f97485c7b07dc18a74666574f19176731995c-refs/branch-heads/3770@{#1155}) on port 39837
Only local connections are allowed.
Please protect ports used by ChromeDriver and related test frameworks to prevent access by malicious code.
Jul 16, 2019 2:43:45 PM org.openqa.selenium.remote.ProtocolHandshake createSession
INFO: Detected dialect: W3C
2019-07-16 14:43:54.697 chromedriver[3211:732129] isPrefsCreateCacheFromEnabledAndDefaultInputSources - can't find anything from GetInputSourceEnabledPrefs, use defaultASCIIKeyLayoutDict = <CFBasicHash 0x7fa50650c0c0 [0x7fff89cbe8f0]>{type = mutable dict, count = 3,
entries =>
	0 : <CFString 0x7fff89d297f8 [0x7fff89cbe8f0]>{contents = "InputSourceKind"} = <CFString 0x7fff89d6ed38 [0x7fff89cbe8f0]>{contents = "Keyboard Layout"}
	1 : <CFString 0x7fff89d5ae78 [0x7fff89cbe8f0]>{contents = "KeyboardLayout ID"} = <CFNumber 0x237 [0x7fff89cbe8f0]>{value = +2, type = kCFNumberSInt64Type}
	9 : <CFString 0x7fff89d244f8 [0x7fff89cbe8f0]>{contents = "KeyboardLayout Name"} = British
}
]]></system-err>
  </testcase>
</testsuite>